<?xml version="1.0" encoding="UTF-8"?>
<testsuite name="com.kmg733.org.study.web.HelloControllerTest" tests="2" skipped="0" failures="0" errors="0" timestamp="2022-04-04T21:14:08" hostname="DESKTOP-EJKA4CK" time="0.095">
  <properties/>
  <testcase name="hello()" classname="com.kmg733.org.study.web.HelloControllerTest" time="0.043"/>
  <testcase name="helloDto가_리턴된다()" classname="com.kmg733.org.study.web.HelloControllerTest" time="0.051"/>
  <system-out><![CDATA[2022-04-05 06:14:07.989  INFO 17748 --- [    Test worker] .b.t.a.w.s.WebMvcTestContextBootstrapper : Neither @ContextConfiguration nor @ContextHierarchy found for test class [com.kmg733.org.study.web.HelloControllerTest], using SpringBootContextLoader
2022-04-05 06:14:07.990  INFO 17748 --- [    Test worker] o.s.t.c.support.AbstractContextLoader    : Could not detect default resource locations for test class [com.kmg733.org.study.web.HelloControllerTest]: no resource found for suffixes {-context.xml, Context.groovy}.
2022-04-05 06:14:07.990  INFO 17748 --- [    Test worker] t.c.s.AnnotationConfigContextLoaderUtils : Could not detect default configuration classes for test class [com.kmg733.org.study.web.HelloControllerTest]: HelloControllerTest does not declare any static, non-private, non-final, nested classes annotated with @Configuration.
2022-04-05 06:14:08.000  INFO 17748 --- [    Test worker] .b.t.c.SpringBootTestContextBootstrapper : Found @SpringBootConfiguration com.kmg733.org.study.Application for test class com.kmg733.org.study.web.HelloControllerTest
2022-04-05 06:14:08.001  INFO 17748 --- [    Test worker] .b.t.a.w.s.WebMvcTestContextBootstrapper : Loaded default TestExecutionListener class names from location [META-INF/spring.factories]: [org.springframework.security.test.context.support.WithSecurityContextTestExecutionListener, org.springframework.security.test.context.support.ReactorContextTestExecutionListener, org.springframework.boot.test.autoconfigure.restdocs.RestDocsTestExecutionListener, org.springframework.boot.test.autoconfigure.web.client.MockRestServiceServerResetTestExecutionListener, org.springframework.boot.test.autoconfigure.web.servlet.MockMvcPrintOnlyOnFailureTestExecutionListener, org.springframework.boot.test.autoconfigure.web.servlet.WebDriverTestExecutionListener, org.springframework.boot.test.autoconfigure.webservices.client.MockWebServiceServerTestExecutionListener, org.springframework.boot.test.mock.mockito.MockitoTestExecutionListener, org.springframework.boot.test.mock.mockito.ResetMocksTestExecutionListener, org.springframework.test.context.web.ServletTestExecutionListener, org.springframework.test.context.support.DirtiesContextBeforeModesTestExecutionListener, org.springframework.test.context.support.DependencyInjectionTestExecutionListener, org.springframework.test.context.support.DirtiesContextTestExecutionListener, org.springframework.test.context.transaction.TransactionalTestExecutionListener, org.springframework.test.context.jdbc.SqlScriptsTestExecutionListener, org.springframework.test.context.event.EventPublishingTestExecutionListener]
2022-04-05 06:14:08.002  INFO 17748 --- [    Test worker] .b.t.a.w.s.WebMvcTestContextBootstrapper : Using TestExecutionListeners: [org.springframework.test.context.web.ServletTestExecutionListener@1e06e9a8, org.springframework.test.context.support.DirtiesContextBeforeModesTestExecutionListener@31e3080, org.springframework.boot.test.mock.mockito.MockitoTestExecutionListener@61c530bf, org.springframework.boot.test.autoconfigure.SpringBootDependencyInjectionTestExecutionListener@5313d907, org.springframework.test.context.support.DirtiesContextTestExecutionListener@7a712164, org.springframework.test.context.transaction.TransactionalTestExecutionListener@899949a, org.springframework.test.context.jdbc.SqlScriptsTestExecutionListener@40110dfe, org.springframework.security.test.context.support.WithSecurityContextTestExecutionListener@d873f1a, org.springframework.test.context.event.EventPublishingTestExecutionListener@7e8e45cf, org.springframework.security.test.context.support.ReactorContextTestExecutionListener@3af733c0, org.springframework.boot.test.autoconfigure.restdocs.RestDocsTestExecutionListener@7241b79d, org.springframework.boot.test.autoconfigure.web.client.MockRestServiceServerResetTestExecutionListener@460a3920, org.springframework.boot.test.autoconfigure.web.servlet.MockMvcPrintOnlyOnFailureTestExecutionListener@4aa6bc13, org.springframework.boot.test.autoconfigure.web.servlet.WebDriverTestExecutionListener@494cffb4, org.springframework.boot.test.autoconfigure.webservices.client.MockWebServiceServerTestExecutionListener@364e545f, org.springframework.boot.test.mock.mockito.ResetMocksTestExecutionListener@211ab88f]

  .   ____          _            __ _ _
 /\\ / ___'_ __ _ _(_)_ __  __ _ \ \ \ \
( ( )\___ | '_ | '_| | '_ \/ _` | \ \ \ \
 \\/  ___)| |_)| | | | | || (_| |  ) ) ) )
  '  |____| .__|_| |_|_| |_\__, | / / / /
 =========|_|==============|___/=/_/_/_/
 :: Spring Boot ::                (v2.4.1)

2022-04-05 06:14:08.015  INFO 17748 --- [    Test worker] c.k.org.study.web.HelloControllerTest    : Starting HelloControllerTest using Java 11.0.14 on DESKTOP-EJKA4CK with PID 17748 (started by 김민규 in E:\Project_2022\springboot-Webservice)
2022-04-05 06:14:08.015  INFO 17748 --- [    Test worker] c.k.org.study.web.HelloControllerTest    : No active profile set, falling back to default profiles: default
2022-04-05 06:14:08.180  INFO 17748 --- [    Test worker] o.s.s.concurrent.ThreadPoolTaskExecutor  : Initializing ExecutorService 'applicationTaskExecutor'
2022-04-05 06:14:08.196  INFO 17748 --- [    Test worker] o.s.b.a.w.s.WelcomePageHandlerMapping    : Adding welcome page template: index
2022-04-05 06:14:08.340  INFO 17748 --- [    Test worker] o.s.s.web.DefaultSecurityFilterChain     : Will secure any request with [org.springframework.security.web.context.request.async.WebAsyncManagerIntegrationFilter@4edd4381, org.springframework.security.web.context.SecurityContextPersistenceFilter@72d17028, org.springframework.security.web.header.HeaderWriterFilter@28d7e1c7, org.springframework.security.web.csrf.CsrfFilter@34dbe933, org.springframework.security.web.authentication.logout.LogoutFilter@2c6091b3, org.springframework.security.oauth2.client.web.OAuth2AuthorizationRequestRedirectFilter@3511f874, org.springframework.security.oauth2.client.web.OAuth2AuthorizationRequestRedirectFilter@32277e77, org.springframework.security.oauth2.client.web.OAuth2LoginAuthenticationFilter@7c2959cb, org.springframework.security.web.authentication.ui.DefaultLoginPageGeneratingFilter@350e3e7a, org.springframework.security.web.authentication.ui.DefaultLogoutPageGeneratingFilter@b2ad41f, org.springframework.security.web.savedrequest.RequestCacheAwareFilter@419b1d98, org.springframework.security.web.servletapi.SecurityContextHolderAwareRequestFilter@56d505b5, org.springframework.security.web.authentication.AnonymousAuthenticationFilter@77495908, org.springframework.security.oauth2.client.web.OAuth2AuthorizationCodeGrantFilter@759d16c8, org.springframework.security.web.session.SessionManagementFilter@39475b06, org.springframework.security.web.access.ExceptionTranslationFilter@432e0ae0, org.springframework.security.web.access.intercept.FilterSecurityInterceptor@3dfffc7d]
2022-04-05 06:14:08.386  INFO 17748 --- [    Test worker] o.s.b.t.m.w.SpringBootMockServletContext : Initializing Spring TestDispatcherServlet ''
2022-04-05 06:14:08.386  INFO 17748 --- [    Test worker] o.s.t.web.servlet.TestDispatcherServlet  : Initializing Servlet ''
2022-04-05 06:14:08.386  INFO 17748 --- [    Test worker] o.s.t.web.servlet.TestDispatcherServlet  : Completed initialization in 0 ms
2022-04-05 06:14:08.395  INFO 17748 --- [    Test worker] c.k.org.study.web.HelloControllerTest    : Started HelloControllerTest in 0.391 seconds (JVM running for 4.592)
]]></system-out>
  <system-err><![CDATA[]]></system-err>
</testsuite>
