<?xml version="1.0" encoding="UTF-8"?>
<testsuite name="com.kmg733.org.study.dto.HelloResponseDtoTest" tests="1" skipped="0" failures="0" errors="0" timestamp="2022-04-04T21:14:07" hostname="DESKTOP-EJKA4CK" time="0.002">
  <properties/>
  <testcase name="롬북_기능_테스트()" classname="com.kmg733.org.study.dto.HelloResponseDtoTest" time="0.002"/>
  <system-out><![CDATA[]]></system-out>
  <system-err><![CDATA[]]></system-err>
</testsuite>
