<?xml version="1.0" encoding="UTF-8"?>
<testsuite name="com.kmg733.org.study.domain.posts.PostsRepositoryTest" tests="2" skipped="0" failures="0" errors="0" timestamp="2022-04-04T21:14:07" hostname="DESKTOP-EJKA4CK" time="0.189">
  <properties/>
  <testcase name="게시글저장_불러오기()" classname="com.kmg733.org.study.domain.posts.PostsRepositoryTest" time="0.18"/>
  <testcase name="BaseTimeEntity_등록()" classname="com.kmg733.org.study.domain.posts.PostsRepositoryTest" time="0.008"/>
  <system-out><![CDATA[06:14:04.444 [Test worker] DEBUG org.springframework.test.context.BootstrapUtils - Instantiating CacheAwareContextLoaderDelegate from class [org.springframework.test.context.cache.DefaultCacheAwareContextLoaderDelegate]
06:14:04.454 [Test worker] DEBUG org.springframework.test.context.BootstrapUtils - Instantiating BootstrapContext using constructor [public org.springframework.test.context.support.DefaultBootstrapContext(java.lang.Class,org.springframework.test.context.CacheAwareContextLoaderDelegate)]
06:14:04.481 [Test worker] DEBUG org.springframework.test.context.BootstrapUtils - Instantiating TestContextBootstrapper for test class [com.kmg733.org.study.domain.posts.PostsRepositoryTest] from class [org.springframework.boot.test.context.SpringBootTestContextBootstrapper]
06:14:04.488 [Test worker] INFO org.springframework.boot.test.context.SpringBootTestContextBootstrapper - Neither @ContextConfiguration nor @ContextHierarchy found for test class [com.kmg733.org.study.domain.posts.PostsRepositoryTest], using SpringBootContextLoader
06:14:04.491 [Test worker] DEBUG org.springframework.test.context.support.AbstractContextLoader - Did not detect default resource location for test class [com.kmg733.org.study.domain.posts.PostsRepositoryTest]: class path resource [com/kmg733/org/study/domain/posts/PostsRepositoryTest-context.xml] does not exist
06:14:04.491 [Test worker] DEBUG org.springframework.test.context.support.AbstractContextLoader - Did not detect default resource location for test class [com.kmg733.org.study.domain.posts.PostsRepositoryTest]: class path resource [com/kmg733/org/study/domain/posts/PostsRepositoryTestContext.groovy] does not exist
06:14:04.491 [Test worker] INFO org.springframework.test.context.support.AbstractContextLoader - Could not detect default resource locations for test class [com.kmg733.org.study.domain.posts.PostsRepositoryTest]: no resource found for suffixes {-context.xml, Context.groovy}.
06:14:04.492 [Test worker] INFO org.springframework.test.context.support.AnnotationConfigContextLoaderUtils - Could not detect default configuration classes for test class [com.kmg733.org.study.domain.posts.PostsRepositoryTest]: PostsRepositoryTest does not declare any static, non-private, non-final, nested classes annotated with @Configuration.
06:14:04.521 [Test worker] DEBUG org.springframework.test.context.support.ActiveProfilesUtils - Could not find an 'annotation declaring class' for annotation type [org.springframework.test.context.ActiveProfiles] and class [com.kmg733.org.study.domain.posts.PostsRepositoryTest]
06:14:04.558 [Test worker] DEBUG org.springframework.context.annotation.ClassPathScanningCandidateComponentProvider - Identified candidate component class: file [E:\Project_2022\springboot-Webservice\build\classes\java\main\com\kmg733\org\study\Application.class]
06:14:04.558 [Test worker] INFO org.springframework.boot.test.context.SpringBootTestContextBootstrapper - Found @SpringBootConfiguration com.kmg733.org.study.Application for test class com.kmg733.org.study.domain.posts.PostsRepositoryTest
06:14:04.623 [Test worker] DEBUG org.springframework.boot.test.context.SpringBootTestContextBootstrapper - @TestExecutionListeners is not present for class [com.kmg733.org.study.domain.posts.PostsRepositoryTest]: using defaults.
06:14:04.623 [Test worker] INFO org.springframework.boot.test.context.SpringBootTestContextBootstrapper - Loaded default TestExecutionListener class names from location [META-INF/spring.factories]: [org.springframework.security.test.context.support.WithSecurityContextTestExecutionListener, org.springframework.security.test.context.support.ReactorContextTestExecutionListener, org.springframework.boot.test.autoconfigure.restdocs.RestDocsTestExecutionListener, org.springframework.boot.test.autoconfigure.web.client.MockRestServiceServerResetTestExecutionListener, org.springframework.boot.test.autoconfigure.web.servlet.MockMvcPrintOnlyOnFailureTestExecutionListener, org.springframework.boot.test.autoconfigure.web.servlet.WebDriverTestExecutionListener, org.springframework.boot.test.autoconfigure.webservices.client.MockWebServiceServerTestExecutionListener, org.springframework.boot.test.mock.mockito.MockitoTestExecutionListener, org.springframework.boot.test.mock.mockito.ResetMocksTestExecutionListener, org.springframework.test.context.web.ServletTestExecutionListener, org.springframework.test.context.support.DirtiesContextBeforeModesTestExecutionListener, org.springframework.test.context.support.DependencyInjectionTestExecutionListener, org.springframework.test.context.support.DirtiesContextTestExecutionListener, org.springframework.test.context.transaction.TransactionalTestExecutionListener, org.springframework.test.context.jdbc.SqlScriptsTestExecutionListener, org.springframework.test.context.event.EventPublishingTestExecutionListener]
06:14:04.634 [Test worker] INFO org.springframework.boot.test.context.SpringBootTestContextBootstrapper - Using TestExecutionListeners: [org.springframework.test.context.web.ServletTestExecutionListener@7e58a255, org.springframework.test.context.support.DirtiesContextBeforeModesTestExecutionListener@47b1baa2, org.springframework.boot.test.mock.mockito.MockitoTestExecutionListener@7374b283, org.springframework.boot.test.autoconfigure.SpringBootDependencyInjectionTestExecutionListener@50da81ab, org.springframework.test.context.support.DirtiesContextTestExecutionListener@6babdbef, org.springframework.test.context.transaction.TransactionalTestExecutionListener@21850892, org.springframework.test.context.jdbc.SqlScriptsTestExecutionListener@77b3568b, org.springframework.security.test.context.support.WithSecurityContextTestExecutionListener@7360560f, org.springframework.test.context.event.EventPublishingTestExecutionListener@46a18f2f, org.springframework.security.test.context.support.ReactorContextTestExecutionListener@4fe9cef1, org.springframework.boot.test.autoconfigure.restdocs.RestDocsTestExecutionListener@2203ce89, org.springframework.boot.test.autoconfigure.web.client.MockRestServiceServerResetTestExecutionListener@53a224e8, org.springframework.boot.test.autoconfigure.web.servlet.MockMvcPrintOnlyOnFailureTestExecutionListener@19b01144, org.springframework.boot.test.autoconfigure.web.servlet.WebDriverTestExecutionListener@182fcac5, org.springframework.boot.test.autoconfigure.webservices.client.MockWebServiceServerTestExecutionListener@24e438cf, org.springframework.boot.test.mock.mockito.ResetMocksTestExecutionListener@66a3cddf]
06:14:04.638 [Test worker] DEBUG org.springframework.test.context.support.AbstractDirtiesContextTestExecutionListener - Before test class: context [DefaultTestContext@4edb4a60 testClass = PostsRepositoryTest, testInstance = [null], testMethod = [null], testException = [null], mergedContextConfiguration = [WebMergedContextConfiguration@5242360a testClass = PostsRepositoryTest, locations = '{}', classes = '{class com.kmg733.org.study.Application}', contextInitializerClasses = '[]', activeProfiles = '{}', propertySourceLocations = '{}', propertySourceProperties = '{org.springframework.boot.test.context.SpringBootTestContextBootstrapper=true}', contextCustomizers = set[org.springframework.boot.test.autoconfigure.actuate.metrics.MetricsExportContextCustomizerFactory$DisableMetricExportContextCustomizer@19ea75db, org.springframework.boot.test.autoconfigure.properties.PropertyMappingContextCustomizer@0, org.springframework.boot.test.autoconfigure.web.servlet.WebDriverContextCustomizerFactory$Customizer@34352d43, org.springframework.boot.test.context.filter.ExcludeFilterContextCustomizer@5ebd9808, org.springframework.boot.test.json.DuplicateJsonObjectContextCustomizerFactory$DuplicateJsonObjectContextCustomizer@7b3aa2f4, org.springframework.boot.test.mock.mockito.MockitoContextCustomizer@0, org.springframework.boot.test.web.client.TestRestTemplateContextCustomizer@6ddb25b2, org.springframework.boot.test.context.SpringBootTestArgs@1, org.springframework.boot.test.context.SpringBootTestWebEnvironment@bdffb8], resourceBasePath = 'src/main/webapp', contextLoader = 'org.springframework.boot.test.context.SpringBootContextLoader', parent = [null]], attributes = map['org.springframework.test.context.web.ServletTestExecutionListener.activateListener' -> true]], class annotated with @DirtiesContext [false] with mode [null].
06:14:04.658 [Test worker] DEBUG org.springframework.test.context.support.TestPropertySourceUtils - Adding inlined properties to environment: {spring.jmx.enabled=false, org.springframework.boot.test.context.SpringBootTestContextBootstrapper=true}

  .   ____          _            __ _ _
 /\\ / ___'_ __ _ _(_)_ __  __ _ \ \ \ \
( ( )\___ | '_ | '_| | '_ \/ _` | \ \ \ \
 \\/  ___)| |_)| | | | | || (_| |  ) ) ) )
  '  |____| .__|_| |_|_| |_\__, | / / / /
 =========|_|==============|___/=/_/_/_/
 :: Spring Boot ::                (v2.4.1)

2022-04-05 06:14:04.814  INFO 17748 --- [    Test worker] c.k.o.s.d.posts.PostsRepositoryTest      : Starting PostsRepositoryTest using Java 11.0.14 on DESKTOP-EJKA4CK with PID 17748 (started by 김민규 in E:\Project_2022\springboot-Webservice)
2022-04-05 06:14:04.816  INFO 17748 --- [    Test worker] c.k.o.s.d.posts.PostsRepositoryTest      : No active profile set, falling back to default profiles: default
2022-04-05 06:14:05.284  INFO 17748 --- [    Test worker] .s.d.r.c.RepositoryConfigurationDelegate : Bootstrapping Spring Data JPA repositories in DEFAULT mode.
2022-04-05 06:14:05.326  INFO 17748 --- [    Test worker] .s.d.r.c.RepositoryConfigurationDelegate : Finished Spring Data repository scanning in 37 ms. Found 2 JPA repository interfaces.
2022-04-05 06:14:05.700  INFO 17748 --- [    Test worker] com.zaxxer.hikari.HikariDataSource       : HikariPool-1 - Starting...
2022-04-05 06:14:05.824  INFO 17748 --- [    Test worker] com.zaxxer.hikari.HikariDataSource       : HikariPool-1 - Start completed.
2022-04-05 06:14:05.871  INFO 17748 --- [    Test worker] o.hibernate.jpa.internal.util.LogHelper  : HHH000204: Processing PersistenceUnitInfo [name: default]
2022-04-05 06:14:05.915  INFO 17748 --- [    Test worker] org.hibernate.Version                    : HHH000412: Hibernate ORM core version 5.4.25.Final
2022-04-05 06:14:06.023  INFO 17748 --- [    Test worker] o.hibernate.annotations.common.Version   : HCANN000001: Hibernate Commons Annotations {5.1.2.Final}
2022-04-05 06:14:06.119  INFO 17748 --- [    Test worker] org.hibernate.dialect.Dialect            : HHH000400: Using dialect: org.hibernate.dialect.MySQL57Dialect
Hibernate: drop table if exists posts
Hibernate: drop table if exists user
Hibernate: create table posts (id bigint not null auto_increment, created_date datetime(6), modified_date datetime(6), author varchar(255), content TEXT not null, title varchar(500) not null, primary key (id)) engine=InnoDB
Hibernate: create table user (id bigint not null auto_increment, created_date datetime(6), modified_date datetime(6), email varchar(255) not null, name varchar(255) not null, picture varchar(255), role varchar(255) not null, primary key (id)) engine=InnoDB
2022-04-05 06:14:06.531  INFO 17748 --- [    Test worker] o.h.e.t.j.p.i.JtaPlatformInitiator       : HHH000490: Using JtaPlatform implementation: [org.hibernate.engine.transaction.jta.platform.internal.NoJtaPlatform]
2022-04-05 06:14:06.537  INFO 17748 --- [    Test worker] j.LocalContainerEntityManagerFactoryBean : Initialized JPA EntityManagerFactory for persistence unit 'default'
2022-04-05 06:14:06.853  WARN 17748 --- [    Test worker] JpaBaseConfiguration$JpaWebConfiguration : spring.jpa.open-in-view is enabled by default. Therefore, database queries may be performed during view rendering. Explicitly configure spring.jpa.open-in-view to disable this warning
2022-04-05 06:14:07.188  INFO 17748 --- [    Test worker] o.s.s.web.DefaultSecurityFilterChain     : Will secure any request with [org.springframework.security.web.context.request.async.WebAsyncManagerIntegrationFilter@3854696b, org.springframework.security.web.context.SecurityContextPersistenceFilter@401db6f2, org.springframework.security.web.header.HeaderWriterFilter@17a7b100, org.springframework.security.web.authentication.logout.LogoutFilter@3bbf832, org.springframework.security.oauth2.client.web.OAuth2AuthorizationRequestRedirectFilter@450b5415, org.springframework.security.oauth2.client.web.OAuth2LoginAuthenticationFilter@4bb649ae, org.springframework.security.web.authentication.ui.DefaultLoginPageGeneratingFilter@3bda3956, org.springframework.security.web.authentication.ui.DefaultLogoutPageGeneratingFilter@10e4f52b, org.springframework.security.web.savedrequest.RequestCacheAwareFilter@25100b9d, org.springframework.security.web.servletapi.SecurityContextHolderAwareRequestFilter@52aae6e2, org.springframework.security.web.authentication.AnonymousAuthenticationFilter@3b5e9e01, org.springframework.security.web.session.SessionManagementFilter@40aaf17e, org.springframework.security.web.access.ExceptionTranslationFilter@2ae0b901, org.springframework.security.web.access.intercept.FilterSecurityInterceptor@74e7393c]
2022-04-05 06:14:07.450  INFO 17748 --- [    Test worker] o.s.s.concurrent.ThreadPoolTaskExecutor  : Initializing ExecutorService 'applicationTaskExecutor'
2022-04-05 06:14:07.486  INFO 17748 --- [    Test worker] o.s.b.a.h2.H2ConsoleAutoConfiguration    : H2 console available at '/h2-console'. Database available at 'jdbc:h2:mem:testdb'
2022-04-05 06:14:07.529  INFO 17748 --- [    Test worker] o.s.b.a.w.s.WelcomePageHandlerMapping    : Adding welcome page template: index
2022-04-05 06:14:07.773  INFO 17748 --- [    Test worker] s.a.ScheduledAnnotationBeanPostProcessor : No TaskScheduler/ScheduledExecutorService bean found for scheduled processing
2022-04-05 06:14:07.781  INFO 17748 --- [    Test worker] c.k.o.s.d.posts.PostsRepositoryTest      : Started PostsRepositoryTest in 3.117 seconds (JVM running for 3.977)
Hibernate: insert into posts (created_date, modified_date, author, content, title) values (?, ?, ?, ?, ?)
Hibernate: select posts0_.id as id1_0_, posts0_.created_date as created_2_0_, posts0_.modified_date as modified3_0_, posts0_.author as author4_0_, posts0_.content as content5_0_, posts0_.title as title6_0_ from posts posts0_
Hibernate: select posts0_.id as id1_0_, posts0_.created_date as created_2_0_, posts0_.modified_date as modified3_0_, posts0_.author as author4_0_, posts0_.content as content5_0_, posts0_.title as title6_0_ from posts posts0_
Hibernate: delete from posts where id=?
Hibernate: insert into posts (created_date, modified_date, author, content, title) values (?, ?, ?, ?, ?)
Hibernate: select posts0_.id as id1_0_, posts0_.created_date as created_2_0_, posts0_.modified_date as modified3_0_, posts0_.author as author4_0_, posts0_.content as content5_0_, posts0_.title as title6_0_ from posts posts0_
>>>>>>>>>> createdDate = 2022-04-05T06:14:07.978437, modifiedDate = 2022-04-05T06:14:07.978437
Hibernate: select posts0_.id as id1_0_, posts0_.created_date as created_2_0_, posts0_.modified_date as modified3_0_, posts0_.author as author4_0_, posts0_.content as content5_0_, posts0_.title as title6_0_ from posts posts0_
Hibernate: delete from posts where id=?
]]></system-out>
  <system-err><![CDATA[]]></system-err>
</testsuite>
