<?xml version="1.0" encoding="UTF-8"?>
<testsuite name="com.kmg733.org.study.web.PostsApiControllerTest" tests="2" skipped="0" failures="0" errors="0" timestamp="2022-04-04T21:14:09" hostname="DESKTOP-EJKA4CK" time="0.057">
  <properties/>
  <testcase name="Posts_등록된다()" classname="com.kmg733.org.study.web.PostsApiControllerTest" time="0.04"/>
  <testcase name="Posts_수정된다()" classname="com.kmg733.org.study.web.PostsApiControllerTest" time="0.017"/>
  <system-out><![CDATA[2022-04-05 06:14:09.600  INFO 17748 --- [    Test worker] .b.t.c.SpringBootTestContextBootstrapper : Neither @ContextConfiguration nor @ContextHierarchy found for test class [com.kmg733.org.study.web.PostsApiControllerTest], using SpringBootContextLoader
2022-04-05 06:14:09.601  INFO 17748 --- [    Test worker] o.s.t.c.support.AbstractContextLoader    : Could not detect default resource locations for test class [com.kmg733.org.study.web.PostsApiControllerTest]: no resource found for suffixes {-context.xml, Context.groovy}.
2022-04-05 06:14:09.601  INFO 17748 --- [    Test worker] t.c.s.AnnotationConfigContextLoaderUtils : Could not detect default configuration classes for test class [com.kmg733.org.study.web.PostsApiControllerTest]: PostsApiControllerTest does not declare any static, non-private, non-final, nested classes annotated with @Configuration.
2022-04-05 06:14:09.602  INFO 17748 --- [    Test worker] .b.t.c.SpringBootTestContextBootstrapper : Found @SpringBootConfiguration com.kmg733.org.study.Application for test class com.kmg733.org.study.web.PostsApiControllerTest
2022-04-05 06:14:09.603  INFO 17748 --- [    Test worker] .b.t.c.SpringBootTestContextBootstrapper : Loaded default TestExecutionListener class names from location [META-INF/spring.factories]: [org.springframework.security.test.context.support.WithSecurityContextTestExecutionListener, org.springframework.security.test.context.support.ReactorContextTestExecutionListener, org.springframework.boot.test.autoconfigure.restdocs.RestDocsTestExecutionListener, org.springframework.boot.test.autoconfigure.web.client.MockRestServiceServerResetTestExecutionListener, org.springframework.boot.test.autoconfigure.web.servlet.MockMvcPrintOnlyOnFailureTestExecutionListener, org.springframework.boot.test.autoconfigure.web.servlet.WebDriverTestExecutionListener, org.springframework.boot.test.autoconfigure.webservices.client.MockWebServiceServerTestExecutionListener, org.springframework.boot.test.mock.mockito.MockitoTestExecutionListener, org.springframework.boot.test.mock.mockito.ResetMocksTestExecutionListener, org.springframework.test.context.web.ServletTestExecutionListener, org.springframework.test.context.support.DirtiesContextBeforeModesTestExecutionListener, org.springframework.test.context.support.DependencyInjectionTestExecutionListener, org.springframework.test.context.support.DirtiesContextTestExecutionListener, org.springframework.test.context.transaction.TransactionalTestExecutionListener, org.springframework.test.context.jdbc.SqlScriptsTestExecutionListener, org.springframework.test.context.event.EventPublishingTestExecutionListener]
2022-04-05 06:14:09.603  INFO 17748 --- [    Test worker] .b.t.c.SpringBootTestContextBootstrapper : Using TestExecutionListeners: [org.springframework.test.context.web.ServletTestExecutionListener@325eef6c, org.springframework.test.context.support.DirtiesContextBeforeModesTestExecutionListener@4f18f2a4, org.springframework.boot.test.mock.mockito.MockitoTestExecutionListener@5d05274f, org.springframework.boot.test.autoconfigure.SpringBootDependencyInjectionTestExecutionListener@15907b81, org.springframework.test.context.support.DirtiesContextTestExecutionListener@5070c3d0, org.springframework.test.context.transaction.TransactionalTestExecutionListener@587596a8, org.springframework.test.context.jdbc.SqlScriptsTestExecutionListener@2c3eedb6, org.springframework.security.test.context.support.WithSecurityContextTestExecutionListener@3a64c7c3, org.springframework.test.context.event.EventPublishingTestExecutionListener@6cdcfd1c, org.springframework.security.test.context.support.ReactorContextTestExecutionListener@1868e6f9, org.springframework.boot.test.autoconfigure.restdocs.RestDocsTestExecutionListener@4360eb1f, org.springframework.boot.test.autoconfigure.web.client.MockRestServiceServerResetTestExecutionListener@5fa6666f, org.springframework.boot.test.autoconfigure.web.servlet.MockMvcPrintOnlyOnFailureTestExecutionListener@5419549a, org.springframework.boot.test.autoconfigure.web.servlet.WebDriverTestExecutionListener@b192fce, org.springframework.boot.test.autoconfigure.webservices.client.MockWebServiceServerTestExecutionListener@4f6505a1, org.springframework.boot.test.mock.mockito.ResetMocksTestExecutionListener@231c873c]
2022-04-05 06:14:09.609  INFO 17748 --- [    Test worker] o.a.c.c.C.[Tomcat].[localhost].[/]       : Initializing Spring TestDispatcherServlet ''
2022-04-05 06:14:09.609  INFO 17748 --- [    Test worker] o.s.t.web.servlet.TestDispatcherServlet  : Initializing Servlet ''
2022-04-05 06:14:09.609  INFO 17748 --- [    Test worker] o.s.t.web.servlet.TestDispatcherServlet  : Completed initialization in 0 ms
Hibernate: insert into posts (created_date, modified_date, author, content, title) values (?, ?, ?, ?, ?)
Hibernate: select posts0_.id as id1_0_, posts0_.created_date as created_2_0_, posts0_.modified_date as modified3_0_, posts0_.author as author4_0_, posts0_.content as content5_0_, posts0_.title as title6_0_ from posts posts0_
Hibernate: select posts0_.id as id1_0_, posts0_.created_date as created_2_0_, posts0_.modified_date as modified3_0_, posts0_.author as author4_0_, posts0_.content as content5_0_, posts0_.title as title6_0_ from posts posts0_
Hibernate: delete from posts where id=?
2022-04-05 06:14:09.647  INFO 17748 --- [    Test worker] o.a.c.c.C.[Tomcat].[localhost].[/]       : Initializing Spring TestDispatcherServlet ''
2022-04-05 06:14:09.647  INFO 17748 --- [    Test worker] o.s.t.web.servlet.TestDispatcherServlet  : Initializing Servlet ''
2022-04-05 06:14:09.648  INFO 17748 --- [    Test worker] o.s.t.web.servlet.TestDispatcherServlet  : Completed initialization in 1 ms
Hibernate: insert into posts (created_date, modified_date, author, content, title) values (?, ?, ?, ?, ?)
Hibernate: select posts0_.id as id1_0_0_, posts0_.created_date as created_2_0_0_, posts0_.modified_date as modified3_0_0_, posts0_.author as author4_0_0_, posts0_.content as content5_0_0_, posts0_.title as title6_0_0_ from posts posts0_ where posts0_.id=?
Hibernate: update posts set created_date=?, modified_date=?, author=?, content=?, title=? where id=?
Hibernate: select posts0_.id as id1_0_, posts0_.created_date as created_2_0_, posts0_.modified_date as modified3_0_, posts0_.author as author4_0_, posts0_.content as content5_0_, posts0_.title as title6_0_ from posts posts0_
Hibernate: select posts0_.id as id1_0_, posts0_.created_date as created_2_0_, posts0_.modified_date as modified3_0_, posts0_.author as author4_0_, posts0_.content as content5_0_, posts0_.title as title6_0_ from posts posts0_
Hibernate: delete from posts where id=?
]]></system-out>
  <system-err><![CDATA[]]></system-err>
</testsuite>
